{"B:\\12TradingAppAPI\\cms\\utils\\utility.js": {"path":"B:\\12TradingAppAPI\\cms\\utils\\utility.js","statementMap":{"0":{"start":{"line":2,"column":15},"end":{"line":2,"column":32}},"1":{"start":{"line":5,"column":21},"end":{"line":5,"column":65}},"2":{"start":{"line":6,"column":4},"end":{"line":6,"column":19}},"3":{"start":{"line":10,"column":22},"end":{"line":10,"column":66}},"4":{"start":{"line":11,"column":4},"end":{"line":11,"column":20}},"5":{"start":{"line":14,"column":17},"end":{"line":14,"column":52}},"6":{"start":{"line":15,"column":4},"end":{"line":15,"column":15}},"7":{"start":{"line":18,"column":17},"end":{"line":18,"column":50}},"8":{"start":{"line":19,"column":4},"end":{"line":19,"column":15}},"9":{"start":{"line":23,"column":22},"end":{"line":23,"column":64}},"10":{"start":{"line":24,"column":4},"end":{"line":24,"column":20}},"11":{"start":{"line":28,"column":15},"end":{"line":28,"column":46}},"12":{"start":{"line":29,"column":2},"end":{"line":29,"column":13}},"13":{"start":{"line":33,"column":16},"end":{"line":33,"column":34}},"14":{"start":{"line":34,"column":16},"end":{"line":34,"column":31}},"15":{"start":{"line":35,"column":17},"end":{"line":38,"column":3}},"16":{"start":{"line":39,"column":2},"end":{"line":39,"column":15}},"17":{"start":{"line":44,"column":2},"end":{"line":62,"column":3}},"18":{"start":{"line":45,"column":4},"end":{"line":45,"column":13}},"19":{"start":{"line":48,"column":18},"end":{"line":48,"column":36}},"20":{"start":{"line":49,"column":18},"end":{"line":49,"column":36}},"21":{"start":{"line":50,"column":16},"end":{"line":50,"column":25}},"22":{"start":{"line":51,"column":19},"end":{"line":51,"column":38}},"23":{"start":{"line":52,"column":15},"end":{"line":52,"column":113}},"24":{"start":{"line":53,"column":4},"end":{"line":55,"column":5}},"25":{"start":{"line":54,"column":6},"end":{"line":54,"column":14}},"26":{"start":{"line":56,"column":4},"end":{"line":56,"column":27}},"27":{"start":{"line":57,"column":4},"end":{"line":57,"column":30}},"28":{"start":{"line":58,"column":4},"end":{"line":58,"column":30}},"29":{"start":{"line":59,"column":4},"end":{"line":59,"column":45}},"30":{"start":{"line":59,"column":21},"end":{"line":59,"column":43}},"31":{"start":{"line":60,"column":4},"end":{"line":60,"column":43}},"32":{"start":{"line":60,"column":21},"end":{"line":60,"column":41}},"33":{"start":{"line":61,"column":4},"end":{"line":61,"column":16}},"34":{"start":{"line":66,"column":22},"end":{"line":66,"column":53}},"35":{"start":{"line":67,"column":2},"end":{"line":67,"column":27}},"36":{"start":{"line":78,"column":0},"end":{"line":89,"column":4}}},"fnMap":{"0":{"name":"currentdateDash","decl":{"start":{"line":4,"column":9},"end":{"line":4,"column":24}},"loc":{"start":{"line":4,"column":27},"end":{"line":7,"column":3}},"line":4},"1":{"name":"currentdateSlash","decl":{"start":{"line":9,"column":11},"end":{"line":9,"column":27}},"loc":{"start":{"line":9,"column":30},"end":{"line":12,"column":3}},"line":9},"2":{"name":"currentdate","decl":{"start":{"line":13,"column":11},"end":{"line":13,"column":22}},"loc":{"start":{"line":13,"column":25},"end":{"line":16,"column":3}},"line":13},"3":{"name":"currenttime","decl":{"start":{"line":17,"column":11},"end":{"line":17,"column":22}},"loc":{"start":{"line":17,"column":25},"end":{"line":20,"column":3}},"line":17},"4":{"name":"currentdatena","decl":{"start":{"line":22,"column":11},"end":{"line":22,"column":24}},"loc":{"start":{"line":22,"column":27},"end":{"line":25,"column":3}},"line":22},"5":{"name":"currentdateFormatYearMont","decl":{"start":{"line":27,"column":9},"end":{"line":27,"column":34}},"loc":{"start":{"line":27,"column":37},"end":{"line":30,"column":1}},"line":27},"6":{"name":"spltitString","decl":{"start":{"line":32,"column":15},"end":{"line":32,"column":27}},"loc":{"start":{"line":32,"column":32},"end":{"line":40,"column":1}},"line":32},"7":{"name":"checkDistanceLatLon","decl":{"start":{"line":43,"column":9},"end":{"line":43,"column":28}},"loc":{"start":{"line":43,"column":59},"end":{"line":63,"column":1}},"line":43},"8":{"name":"calPromotion","decl":{"start":{"line":65,"column":9},"end":{"line":65,"column":21}},"loc":{"start":{"line":65,"column":45},"end":{"line":68,"column":1}},"line":65}},"branchMap":{"0":{"loc":{"start":{"line":44,"column":2},"end":{"line":62,"column":3}},"type":"if","locations":[{"start":{"line":44,"column":2},"end":{"line":62,"column":3}},{"start":{"line":47,"column":7},"end":{"line":62,"column":3}}],"line":44},"1":{"loc":{"start":{"line":44,"column":6},"end":{"line":44,"column":38}},"type":"binary-expr","locations":[{"start":{"line":44,"column":7},"end":{"line":44,"column":19}},{"start":{"line":44,"column":25},"end":{"line":44,"column":37}}],"line":44},"2":{"loc":{"start":{"line":53,"column":4},"end":{"line":55,"column":5}},"type":"if","locations":[{"start":{"line":53,"column":4},"end":{"line":55,"column":5}},{"start":{},"end":{}}],"line":53},"3":{"loc":{"start":{"line":59,"column":4},"end":{"line":59,"column":45}},"type":"if","locations":[{"start":{"line":59,"column":4},"end":{"line":59,"column":45}},{"start":{},"end":{}}],"line":59},"4":{"loc":{"start":{"line":60,"column":4},"end":{"line":60,"column":43}},"type":"if","locations":[{"start":{"line":60,"column":4},"end":{"line":60,"column":43}},{"start":{},"end":{}}],"line":60}},"s":{"0":1,"1":0,"2":0,"3":0,"4":0,"5":0,"6":0,"7":0,"8":0,"9":0,"10":0,"11":0,"12":0,"13":0,"14":0,"15":0,"16":0,"17":0,"18":0,"19":0,"20":0,"21":0,"22":0,"23":0,"24":0,"25":0,"26":0,"27":0,"28":0,"29":0,"30":0,"31":0,"32":0,"33":0,"34":1,"35":1,"36":1},"f":{"0":0,"1":0,"2":0,"3":0,"4":0,"5":0,"6":0,"7":0,"8":1},"b":{"0":[0,0],"1":[0,0],"2":[0,0],"3":[0,0],"4":[0,0]},"_coverageSchema":"1a1c01bbd47fc00a2c39e90264f33305004495a9","hash":"2190494debde844836757b8a5319103b0ffca772"}
}
