TN:
SF:cms\utils\utility.js
FN:4,currentdateDash
FN:9,currentdateSlash
FN:13,currentdate
FN:17,currenttime
FN:22,currentdatena
FN:27,currentdateFormatYearMont
FN:32,spltitString
FN:43,checkDistanceLatLon
FN:65,calPromotion
FNF:9
FNH:1
FNDA:0,currentdateDash
FNDA:0,currentdateSlash
FNDA:0,currentdate
FNDA:0,currenttime
FNDA:0,currentdatena
FNDA:0,currentdateFormatYearMont
FNDA:0,spltitString
FNDA:0,checkDistanceLatLon
FNDA:1,calPromotion
DA:2,1
DA:5,0
DA:6,0
DA:10,0
DA:11,0
DA:14,0
DA:15,0
DA:18,0
DA:19,0
DA:23,0
DA:24,0
DA:28,0
DA:29,0
DA:33,0
DA:34,0
DA:35,0
DA:39,0
DA:44,0
DA:45,0
DA:48,0
DA:49,0
DA:50,0
DA:51,0
DA:52,0
DA:53,0
DA:54,0
DA:56,0
DA:57,0
DA:58,0
DA:59,0
DA:60,0
DA:61,0
DA:66,1
DA:67,1
DA:78,1
LF:35
LH:4
BRDA:44,0,0,0
BRDA:44,0,1,0
BRDA:44,1,0,0
BRDA:44,1,1,0
BRDA:53,2,0,0
BRDA:53,2,1,0
BRDA:59,3,0,0
BRDA:59,3,1,0
BRDA:60,4,0,0
BRDA:60,4,1,0
BRF:10
BRH:0
end_of_record
